<?xml version="1.0" encoding="UTF-8"?>
<testsuite name="testClean.UserTest" tests="1" skipped="0" failures="0" errors="0" timestamp="2022-10-23T15:09:24" hostname="ALIENWARE-17" time="9.131">
  <properties/>
  <testcase name="verifyCRUDProject()" classname="testClean.UserTest" time="9.131"/>
  <system-out><![CDATA[Request method:	POST
Request URI:	https://todo.ly/api/user.json
Proxy:			<none>
Request params:	<none>
Query params:	<none>
Form params:	<none>
Path params:	<none>
Headers:		Authorization=Basic dHZ0MjAyMkBnbWFpbC5jb206dDEyMzQ1Njc=
				Accept=*/*
				Content-Type=text/plain; charset=ISO-8859-1
Cookies:		<none>
Multiparts:		<none>
Body:
{"Email":"samuelbaldiviezo.bootcamp@gmail.com","FullName":"Samuel Baldiviezo","Password":"1234567"}
HTTP/1.1 200 OK
Cache-Control: no-cache, no-store, must-revalidate
Pragma: no-cache
Content-Type: application/json; charset=utf-8
Expires: -1
Server: Microsoft-IIS/8.0
Set-Cookie: ASP.NET_SessionId=hpgbf3pt0m0nreek5ea1cchp; path=/; HttpOnly; SameSite=Lax
X-AspNetMvc-Version: 2.0
X-AspNet-Version: 4.0.30319
X-Powered-By: ASP.NET
Date: Sun, 23 Oct 2022 15:09:15 GMT
Content-Length: 317

{
    "Id": 706575,
    "Email": "samuelbaldiviezo.bootcamp@gmail.com",
    "Password": null,
    "FullName": "Samuel Baldiviezo",
    "TimeZone": 0,
    "IsProUser": false,
    "DefaultProjectId": 4030856,
    "AddItemMoreExpanded": false,
    "EditDueDateMoreExpanded": false,
    "ListSortType": 0,
    "FirstDayOfWeek": 0,
    "NewTaskDueDate": -1,
    "TimeZoneId": "Pacific Standard Time"
}
Request method:	POST
Request URI:	https://todo.ly/api/projects.json
Proxy:			<none>
Request params:	<none>
Query params:	<none>
Form params:	<none>
Path params:	<none>
Headers:		Authorization=Basic dHZ0MjAyMkBnbWFpbC5jb206dDEyMzQ1Njc=
				Accept=*/*
				Content-Type=text/plain; charset=ISO-8859-1
Cookies:		<none>
Multiparts:		<none>
Body:
{"Email":"samuelbaldiviezo.bootcamp@gmail.com","Content":"Cato2022","FullName":"Samuel Baldiviezo","Password":"1234567"}
HTTP/1.1 200 OK
Cache-Control: no-cache, no-store, must-revalidate
Pragma: no-cache
Content-Type: application/json; charset=utf-8
Expires: -1
Server: Microsoft-IIS/8.0
Set-Cookie: ASP.NET_SessionId=cgz2s1lbwga4tlxtklvx3uon; path=/; HttpOnly; SameSite=Lax
X-AspNetMvc-Version: 2.0
X-AspNet-Version: 4.0.30319
X-Powered-By: ASP.NET
Date: Sun, 23 Oct 2022 15:09:16 GMT
Content-Length: 397

{
    "Id": 4030862,
    "Content": "Cato2022",
    "ItemsCount": 0,
    "Icon": 0,
    "ItemType": 2,
    "ParentId": null,
    "Collapsed": false,
    "ItemOrder": 16,
    "Children": [
        
    ],
    "IsProjectShared": false,
    "ProjectShareOwnerName": null,
    "ProjectShareOwnerEmail": null,
    "IsShareApproved": false,
    "IsOwnProject": true,
    "LastSyncedDateTime": "/Date(1666537757566)/",
    "LastUpdatedDate": "/Date(1666537757567)/",
    "Deleted": false,
    "SyncClientCreationId": null
}
Request method:	PUT
Request URI:	https://todo.ly/api/projects/4030862.json
Proxy:			<none>
Request params:	<none>
Query params:	<none>
Form params:	<none>
Path params:	<none>
Headers:		Authorization=Basic dHZ0MjAyMkBnbWFpbC5jb206dDEyMzQ1Njc=
				Accept=*/*
				Content-Type=text/plain; charset=ISO-8859-1
Cookies:		<none>
Multiparts:		<none>
Body:
{"Email":"samuelbaldiviezo.bootcamp@gmail.com","Content":"CatoUpdated2022","FullName":"Samuel Baldiviezo","Password":"1234567"}
HTTP/1.1 200 OK
Cache-Control: no-cache, no-store, must-revalidate
Pragma: no-cache
Content-Type: application/json; charset=utf-8
Expires: -1
Server: Microsoft-IIS/8.0
Set-Cookie: ASP.NET_SessionId=4g0g1usddravp3w4dlkfwpgf; path=/; HttpOnly; SameSite=Lax
X-AspNetMvc-Version: 2.0
X-AspNet-Version: 4.0.30319
X-Powered-By: ASP.NET
Date: Sun, 23 Oct 2022 15:09:18 GMT
Content-Length: 404

{
    "Id": 4030862,
    "Content": "CatoUpdated2022",
    "ItemsCount": 0,
    "Icon": 0,
    "ItemType": 2,
    "ParentId": null,
    "Collapsed": false,
    "ItemOrder": 16,
    "Children": [
        
    ],
    "IsProjectShared": false,
    "ProjectShareOwnerName": null,
    "ProjectShareOwnerEmail": null,
    "IsShareApproved": false,
    "IsOwnProject": true,
    "LastSyncedDateTime": "/Date(1666537758814)/",
    "LastUpdatedDate": "/Date(1666537758813)/",
    "Deleted": false,
    "SyncClientCreationId": null
}
Request method:	GET
Request URI:	https://todo.ly/api/projects/4030862.json
Proxy:			<none>
Request params:	<none>
Query params:	<none>
Form params:	<none>
Path params:	<none>
Headers:		Authorization=Basic dHZ0MjAyMkBnbWFpbC5jb206dDEyMzQ1Njc=
				Accept=*/*
Cookies:		<none>
Multiparts:		<none>
Body:			<none>
HTTP/1.1 200 OK
Cache-Control: no-cache, no-store, must-revalidate
Pragma: no-cache
Content-Type: application/json; charset=utf-8
Expires: -1
Server: Microsoft-IIS/8.0
Set-Cookie: ASP.NET_SessionId=zj5fmo2eciz15g3prcrkvean; path=/; HttpOnly; SameSite=Lax
X-AspNetMvc-Version: 2.0
X-AspNet-Version: 4.0.30319
X-Powered-By: ASP.NET
Date: Sun, 23 Oct 2022 15:09:19 GMT
Content-Length: 404

{
    "Id": 4030862,
    "Content": "CatoUpdated2022",
    "ItemsCount": 0,
    "Icon": 0,
    "ItemType": 2,
    "ParentId": null,
    "Collapsed": false,
    "ItemOrder": 16,
    "Children": [
        
    ],
    "IsProjectShared": false,
    "ProjectShareOwnerName": null,
    "ProjectShareOwnerEmail": null,
    "IsShareApproved": false,
    "IsOwnProject": true,
    "LastSyncedDateTime": "/Date(1666537760077)/",
    "LastUpdatedDate": "/Date(1666537758813)/",
    "Deleted": false,
    "SyncClientCreationId": null
}
Request method:	DELETE
Request URI:	https://todo.ly/api/projects/4030862.json
Proxy:			<none>
Request params:	<none>
Query params:	<none>
Form params:	<none>
Path params:	<none>
Headers:		Authorization=Basic dHZ0MjAyMkBnbWFpbC5jb206dDEyMzQ1Njc=
				Accept=*/*
Cookies:		<none>
Multiparts:		<none>
Body:			<none>
HTTP/1.1 200 OK
Cache-Control: no-cache, no-store, must-revalidate
Pragma: no-cache
Content-Type: application/json; charset=utf-8
Expires: -1
Server: Microsoft-IIS/8.0
Set-Cookie: ASP.NET_SessionId=arajpdnwpxpvjmzh3ejl1lvq; path=/; HttpOnly; SameSite=Lax
X-AspNetMvc-Version: 2.0
X-AspNet-Version: 4.0.30319
X-Powered-By: ASP.NET
Date: Sun, 23 Oct 2022 15:09:21 GMT
Content-Length: 403

{
    "Id": 4030862,
    "Content": "CatoUpdated2022",
    "ItemsCount": 0,
    "Icon": 0,
    "ItemType": 2,
    "ParentId": null,
    "Collapsed": false,
    "ItemOrder": 16,
    "Children": [
        
    ],
    "IsProjectShared": false,
    "ProjectShareOwnerName": null,
    "ProjectShareOwnerEmail": null,
    "IsShareApproved": false,
    "IsOwnProject": true,
    "LastSyncedDateTime": "/Date(1666537761325)/",
    "LastUpdatedDate": "/Date(1666537761327)/",
    "Deleted": true,
    "SyncClientCreationId": null
}
]]></system-out>
  <system-err><![CDATA[]]></system-err>
</testsuite>
